2017-10-28T16:44:33.1685386-05:00  [INF] Entity Framework Core "2.0.0-rtm-26452" initialized '"ApplicationDbContext"' using provider '"Microsoft.EntityFrameworkCore.SqlServer"' with options: "MigrationsAssembly=Quick_Application2 " (9958f5bb)
2017-10-28T16:44:35.3260319-05:00  [INF] Executed DbCommand ("415"ms) [Parameters=[""], CommandType='Text', CommandTimeout='60']"
""CREATE DATABASE [Quick_Application2];" (0723d8ff)
2017-10-28T16:44:35.4258385-05:00  [INF] Executed DbCommand ("95"ms) [Parameters=[""], CommandType='Text', CommandTimeout='60']"
""IF SERVERPROPERTY('EngineEdition') <> 5 EXEC(N'ALTER DATABASE [Quick_Application2] SET READ_COMMITTED_SNAPSHOT ON;');" (0723d8ff)
2017-10-28T16:44:35.5059028-05:00  [INF] Executed DbCommand ("6"ms) [Parameters=[""], CommandType='Text', CommandTimeout='30']"
""CREATE TABLE [__EFMigrationsHistory] (
    [MigrationId] nvarchar(150) NOT NULL,
    [ProductVersion] nvarchar(32) NOT NULL,
    CONSTRAINT [PK___EFMigrationsHistory] PRIMARY KEY ([MigrationId])
);" (0723d8ff)
2017-10-28T16:44:35.5159869-05:00  [INF] Executed DbCommand ("7"ms) [Parameters=[""], CommandType='Text', CommandTimeout='30']"
""SELECT OBJECT_ID(N'__EFMigrationsHistory');" (0723d8ff)
2017-10-28T16:44:35.5189360-05:00  [INF] Executed DbCommand ("1"ms) [Parameters=[""], CommandType='Text', CommandTimeout='30']"
""SELECT [MigrationId], [ProductVersion]
FROM [__EFMigrationsHistory]
ORDER BY [MigrationId];" (0723d8ff)
2017-10-28T16:44:35.5461750-05:00  [INF] Applying migration '"20170913022214_Initial"'. (0e2ac64d)
2017-10-28T16:44:35.6227196-05:00  [INF] Executed DbCommand ("3"ms) [Parameters=[""], CommandType='Text', CommandTimeout='30']"
""CREATE TABLE [AppCustomers] (
    [Id] int NOT NULL IDENTITY,
    [Address] nvarchar(max) NULL,
    [City] nvarchar(50) NULL,
    [CreatedBy] nvarchar(256) NULL,
    [CreatedDate] datetime2 NOT NULL,
    [DateCreated] datetime2 NOT NULL,
    [DateModified] datetime2 NOT NULL,
    [Email] nvarchar(100) NULL,
    [Gender] int NOT NULL,
    [Name] nvarchar(100) NOT NULL,
    [PhoneNumber] varchar(30) NULL,
    [UpdatedBy] nvarchar(256) NULL,
    [UpdatedDate] datetime2 NOT NULL,
    CONSTRAINT [PK_AppCustomers] PRIMARY KEY ([Id])
);" (0723d8ff)
2017-10-28T16:44:35.6258478-05:00  [INF] Executed DbCommand ("1"ms) [Parameters=[""], CommandType='Text', CommandTimeout='30']"
""CREATE TABLE [AppProductCategories] (
    [Id] int NOT NULL IDENTITY,
    [CreatedBy] nvarchar(256) NULL,
    [CreatedDate] datetime2 NOT NULL,
    [DateCreated] datetime2 NOT NULL,
    [DateModified] datetime2 NOT NULL,
    [Description] nvarchar(500) NULL,
    [Icon] nvarchar(max) NULL,
    [Name] nvarchar(100) NOT NULL,
    [UpdatedBy] nvarchar(256) NULL,
    [UpdatedDate] datetime2 NOT NULL,
    CONSTRAINT [PK_AppProductCategories] PRIMARY KEY ([Id])
);" (0723d8ff)
2017-10-28T16:44:35.6288566-05:00  [INF] Executed DbCommand ("1"ms) [Parameters=[""], CommandType='Text', CommandTimeout='30']"
""CREATE TABLE [AspNetRoles] (
    [Id] nvarchar(450) NOT NULL,
    [ConcurrencyStamp] nvarchar(max) NULL,
    [CreatedBy] nvarchar(max) NULL,
    [CreatedDate] datetime2 NOT NULL,
    [Description] nvarchar(max) NULL,
    [Name] nvarchar(256) NULL,
    [NormalizedName] nvarchar(256) NULL,
    [UpdatedBy] nvarchar(max) NULL,
    [UpdatedDate] datetime2 NOT NULL,
    CONSTRAINT [PK_AspNetRoles] PRIMARY KEY ([Id])
);" (0723d8ff)
2017-10-28T16:44:35.6321522-05:00  [INF] Executed DbCommand ("1"ms) [Parameters=[""], CommandType='Text', CommandTimeout='30']"
""CREATE TABLE [AspNetUsers] (
    [Id] nvarchar(450) NOT NULL,
    [AccessFailedCount] int NOT NULL,
    [ConcurrencyStamp] nvarchar(max) NULL,
    [Configuration] nvarchar(max) NULL,
    [CreatedBy] nvarchar(max) NULL,
    [CreatedDate] datetime2 NOT NULL,
    [Email] nvarchar(256) NULL,
    [EmailConfirmed] bit NOT NULL,
    [FullName] nvarchar(max) NULL,
    [IsEnabled] bit NOT NULL,
    [JobTitle] nvarchar(max) NULL,
    [LockoutEnabled] bit NOT NULL,
    [LockoutEnd] datetimeoffset NULL,
    [NormalizedEmail] nvarchar(256) NULL,
    [NormalizedUserName] nvarchar(256) NULL,
    [PasswordHash] nvarchar(max) NULL,
    [PhoneNumber] nvarchar(max) NULL,
    [PhoneNumberConfirmed] bit NOT NULL,
    [SecurityStamp] nvarchar(max) NULL,
    [TwoFactorEnabled] bit NOT NULL,
    [UpdatedBy] nvarchar(max) NULL,
    [UpdatedDate] datetime2 NOT NULL,
    [UserName] nvarchar(256) NULL,
    CONSTRAINT [PK_AspNetUsers] PRIMARY KEY ([Id])
);" (0723d8ff)
2017-10-28T16:44:35.6352452-05:00  [INF] Executed DbCommand ("1"ms) [Parameters=[""], CommandType='Text', CommandTimeout='30']"
""CREATE TABLE [OpenIddictApplications] (
    [Id] nvarchar(450) NOT NULL,
    [ClientId] nvarchar(450) NULL,
    [ClientSecret] nvarchar(max) NULL,
    [DisplayName] nvarchar(max) NULL,
    [LogoutRedirectUri] nvarchar(max) NULL,
    [RedirectUri] nvarchar(max) NULL,
    [Type] nvarchar(max) NULL,
    CONSTRAINT [PK_OpenIddictApplications] PRIMARY KEY ([Id])
);" (0723d8ff)
2017-10-28T16:44:35.6386407-05:00  [INF] Executed DbCommand ("1"ms) [Parameters=[""], CommandType='Text', CommandTimeout='30']"
""CREATE TABLE [OpenIddictScopes] (
    [Id] nvarchar(450) NOT NULL,
    [Description] nvarchar(max) NULL,
    CONSTRAINT [PK_OpenIddictScopes] PRIMARY KEY ([Id])
);" (0723d8ff)
2017-10-28T16:44:35.6430984-05:00  [INF] Executed DbCommand ("2"ms) [Parameters=[""], CommandType='Text', CommandTimeout='30']"
""CREATE TABLE [AppProducts] (
    [Id] int NOT NULL IDENTITY,
    [BuyingPrice] decimal(18, 2) NOT NULL,
    [CreatedBy] nvarchar(256) NULL,
    [CreatedDate] datetime2 NOT NULL,
    [DateCreated] datetime2 NOT NULL,
    [DateModified] datetime2 NOT NULL,
    [Description] nvarchar(500) NULL,
    [Icon] varchar(256) NULL,
    [IsActive] bit NOT NULL,
    [IsDiscontinued] bit NOT NULL,
    [Name] nvarchar(100) NOT NULL,
    [ParentId] int NULL,
    [ProductCategoryId] int NOT NULL,
    [SellingPrice] decimal(18, 2) NOT NULL,
    [UnitsInStock] int NOT NULL,
    [UpdatedBy] nvarchar(256) NULL,
    [UpdatedDate] datetime2 NOT NULL,
    CONSTRAINT [PK_AppProducts] PRIMARY KEY ([Id]),
    CONSTRAINT [FK_AppProducts_AppProducts_ParentId] FOREIGN KEY ([ParentId]) REFERENCES [AppProducts] ([Id]) ON DELETE NO ACTION,
    CONSTRAINT [FK_AppProducts_AppProductCategories_ProductCategoryId] FOREIGN KEY ([ProductCategoryId]) REFERENCES [AppProductCategories] ([Id]) ON DELETE CASCADE
);" (0723d8ff)
2017-10-28T16:44:35.6473607-05:00  [INF] Executed DbCommand ("1"ms) [Parameters=[""], CommandType='Text', CommandTimeout='30']"
""CREATE TABLE [AspNetRoleClaims] (
    [Id] int NOT NULL IDENTITY,
    [ClaimType] nvarchar(max) NULL,
    [ClaimValue] nvarchar(max) NULL,
    [RoleId] nvarchar(450) NOT NULL,
    CONSTRAINT [PK_AspNetRoleClaims] PRIMARY KEY ([Id]),
    CONSTRAINT [FK_AspNetRoleClaims_AspNetRoles_RoleId] FOREIGN KEY ([RoleId]) REFERENCES [AspNetRoles] ([Id]) ON DELETE CASCADE
);" (0723d8ff)
2017-10-28T16:44:35.6512986-05:00  [INF] Executed DbCommand ("2"ms) [Parameters=[""], CommandType='Text', CommandTimeout='30']"
""CREATE TABLE [AppOrders] (
    [Id] int NOT NULL IDENTITY,
    [CashierId] nvarchar(450) NULL,
    [Comments] nvarchar(500) NULL,
    [CreatedBy] nvarchar(256) NULL,
    [CreatedDate] datetime2 NOT NULL,
    [CustomerId] int NOT NULL,
    [DateCreated] datetime2 NOT NULL,
    [DateModified] datetime2 NOT NULL,
    [Discount] decimal(18, 2) NOT NULL,
    [UpdatedBy] nvarchar(256) NULL,
    [UpdatedDate] datetime2 NOT NULL,
    CONSTRAINT [PK_AppOrders] PRIMARY KEY ([Id]),
    CONSTRAINT [FK_AppOrders_AspNetUsers_CashierId] FOREIGN KEY ([CashierId]) REFERENCES [AspNetUsers] ([Id]) ON DELETE NO ACTION,
    CONSTRAINT [FK_AppOrders_AppCustomers_CustomerId] FOREIGN KEY ([CustomerId]) REFERENCES [AppCustomers] ([Id]) ON DELETE CASCADE
);" (0723d8ff)
2017-10-28T16:44:35.6550563-05:00  [INF] Executed DbCommand ("2"ms) [Parameters=[""], CommandType='Text', CommandTimeout='30']"
""CREATE TABLE [AspNetUserClaims] (
    [Id] int NOT NULL IDENTITY,
    [ClaimType] nvarchar(max) NULL,
    [ClaimValue] nvarchar(max) NULL,
    [UserId] nvarchar(450) NOT NULL,
    CONSTRAINT [PK_AspNetUserClaims] PRIMARY KEY ([Id]),
    CONSTRAINT [FK_AspNetUserClaims_AspNetUsers_UserId] FOREIGN KEY ([UserId]) REFERENCES [AspNetUsers] ([Id]) ON DELETE CASCADE
);" (0723d8ff)
2017-10-28T16:44:35.6585900-05:00  [INF] Executed DbCommand ("1"ms) [Parameters=[""], CommandType='Text', CommandTimeout='30']"
""CREATE TABLE [AspNetUserLogins] (
    [LoginProvider] nvarchar(450) NOT NULL,
    [ProviderKey] nvarchar(450) NOT NULL,
    [ProviderDisplayName] nvarchar(max) NULL,
    [UserId] nvarchar(450) NOT NULL,
    CONSTRAINT [PK_AspNetUserLogins] PRIMARY KEY ([LoginProvider], [ProviderKey]),
    CONSTRAINT [FK_AspNetUserLogins_AspNetUsers_UserId] FOREIGN KEY ([UserId]) REFERENCES [AspNetUsers] ([Id]) ON DELETE CASCADE
);" (0723d8ff)
2017-10-28T16:44:35.6615785-05:00  [INF] Executed DbCommand ("1"ms) [Parameters=[""], CommandType='Text', CommandTimeout='30']"
""CREATE TABLE [AspNetUserRoles] (
    [UserId] nvarchar(450) NOT NULL,
    [RoleId] nvarchar(450) NOT NULL,
    CONSTRAINT [PK_AspNetUserRoles] PRIMARY KEY ([UserId], [RoleId]),
    CONSTRAINT [FK_AspNetUserRoles_AspNetRoles_RoleId] FOREIGN KEY ([RoleId]) REFERENCES [AspNetRoles] ([Id]) ON DELETE CASCADE,
    CONSTRAINT [FK_AspNetUserRoles_AspNetUsers_UserId] FOREIGN KEY ([UserId]) REFERENCES [AspNetUsers] ([Id]) ON DELETE CASCADE
);" (0723d8ff)
2017-10-28T16:44:35.6646252-05:00  [INF] Executed DbCommand ("1"ms) [Parameters=[""], CommandType='Text', CommandTimeout='30']"
""CREATE TABLE [AspNetUserTokens] (
    [UserId] nvarchar(450) NOT NULL,
    [LoginProvider] nvarchar(450) NOT NULL,
    [Name] nvarchar(450) NOT NULL,
    [Value] nvarchar(max) NULL,
    CONSTRAINT [PK_AspNetUserTokens] PRIMARY KEY ([UserId], [LoginProvider], [Name]),
    CONSTRAINT [FK_AspNetUserTokens_AspNetUsers_UserId] FOREIGN KEY ([UserId]) REFERENCES [AspNetUsers] ([Id]) ON DELETE CASCADE
);" (0723d8ff)
2017-10-28T16:44:35.6673221-05:00  [INF] Executed DbCommand ("1"ms) [Parameters=[""], CommandType='Text', CommandTimeout='30']"
""CREATE TABLE [OpenIddictAuthorizations] (
    [Id] nvarchar(450) NOT NULL,
    [ApplicationId] nvarchar(450) NULL,
    [Scope] nvarchar(max) NULL,
    [Status] nvarchar(max) NULL,
    [Subject] nvarchar(max) NULL,
    CONSTRAINT [PK_OpenIddictAuthorizations] PRIMARY KEY ([Id]),
    CONSTRAINT [FK_OpenIddictAuthorizations_OpenIddictApplications_ApplicationId] FOREIGN KEY ([ApplicationId]) REFERENCES [OpenIddictApplications] ([Id]) ON DELETE NO ACTION
);" (0723d8ff)
2017-10-28T16:44:35.6709667-05:00  [INF] Executed DbCommand ("2"ms) [Parameters=[""], CommandType='Text', CommandTimeout='30']"
""CREATE TABLE [AppOrderDetails] (
    [Id] int NOT NULL IDENTITY,
    [CreatedBy] nvarchar(256) NULL,
    [CreatedDate] datetime2 NOT NULL,
    [Discount] decimal(18, 2) NOT NULL,
    [OrderId] int NOT NULL,
    [ProductId] int NOT NULL,
    [Quantity] int NOT NULL,
    [UnitPrice] decimal(18, 2) NOT NULL,
    [UpdatedBy] nvarchar(256) NULL,
    [UpdatedDate] datetime2 NOT NULL,
    CONSTRAINT [PK_AppOrderDetails] PRIMARY KEY ([Id]),
    CONSTRAINT [FK_AppOrderDetails_AppOrders_OrderId] FOREIGN KEY ([OrderId]) REFERENCES [AppOrders] ([Id]) ON DELETE CASCADE,
    CONSTRAINT [FK_AppOrderDetails_AppProducts_ProductId] FOREIGN KEY ([ProductId]) REFERENCES [AppProducts] ([Id]) ON DELETE CASCADE
);" (0723d8ff)
2017-10-28T16:44:35.6740555-05:00  [INF] Executed DbCommand ("1"ms) [Parameters=[""], CommandType='Text', CommandTimeout='30']"
""CREATE TABLE [OpenIddictTokens] (
    [Id] nvarchar(450) NOT NULL,
    [ApplicationId] nvarchar(450) NULL,
    [AuthorizationId] nvarchar(450) NULL,
    [Ciphertext] nvarchar(max) NULL,
    [End] datetimeoffset NULL,
    [Hash] nvarchar(450) NULL,
    [Start] datetimeoffset NULL,
    [Status] nvarchar(max) NULL,
    [Subject] nvarchar(max) NULL,
    [Type] nvarchar(max) NULL,
    CONSTRAINT [PK_OpenIddictTokens] PRIMARY KEY ([Id]),
    CONSTRAINT [FK_OpenIddictTokens_OpenIddictApplications_ApplicationId] FOREIGN KEY ([ApplicationId]) REFERENCES [OpenIddictApplications] ([Id]) ON DELETE NO ACTION,
    CONSTRAINT [FK_OpenIddictTokens_OpenIddictAuthorizations_AuthorizationId] FOREIGN KEY ([AuthorizationId]) REFERENCES [OpenIddictAuthorizations] ([Id]) ON DELETE NO ACTION
);" (0723d8ff)
2017-10-28T16:44:35.6767155-05:00  [INF] Executed DbCommand ("1"ms) [Parameters=[""], CommandType='Text', CommandTimeout='30']"
""CREATE INDEX [IX_AppCustomers_Name] ON [AppCustomers] ([Name]);" (0723d8ff)
2017-10-28T16:44:35.6790604-05:00  [INF] Executed DbCommand ("0"ms) [Parameters=[""], CommandType='Text', CommandTimeout='30']"
""CREATE INDEX [IX_AppOrderDetails_OrderId] ON [AppOrderDetails] ([OrderId]);" (0723d8ff)
2017-10-28T16:44:35.6819645-05:00  [INF] Executed DbCommand ("1"ms) [Parameters=[""], CommandType='Text', CommandTimeout='30']"
""CREATE INDEX [IX_AppOrderDetails_ProductId] ON [AppOrderDetails] ([ProductId]);" (0723d8ff)
2017-10-28T16:44:35.6843495-05:00  [INF] Executed DbCommand ("0"ms) [Parameters=[""], CommandType='Text', CommandTimeout='30']"
""CREATE INDEX [IX_AppOrders_CashierId] ON [AppOrders] ([CashierId]);" (0723d8ff)
2017-10-28T16:44:35.6875875-05:00  [INF] Executed DbCommand ("1"ms) [Parameters=[""], CommandType='Text', CommandTimeout='30']"
""CREATE INDEX [IX_AppOrders_CustomerId] ON [AppOrders] ([CustomerId]);" (0723d8ff)
2017-10-28T16:44:35.6909513-05:00  [INF] Executed DbCommand ("1"ms) [Parameters=[""], CommandType='Text', CommandTimeout='30']"
""CREATE INDEX [IX_AppProducts_Name] ON [AppProducts] ([Name]);" (0723d8ff)
2017-10-28T16:44:35.6937686-05:00  [INF] Executed DbCommand ("0"ms) [Parameters=[""], CommandType='Text', CommandTimeout='30']"
""CREATE INDEX [IX_AppProducts_ParentId] ON [AppProducts] ([ParentId]);" (0723d8ff)
2017-10-28T16:44:35.6963544-05:00  [INF] Executed DbCommand ("0"ms) [Parameters=[""], CommandType='Text', CommandTimeout='30']"
""CREATE INDEX [IX_AppProducts_ProductCategoryId] ON [AppProducts] ([ProductCategoryId]);" (0723d8ff)
2017-10-28T16:44:35.6988148-05:00  [INF] Executed DbCommand ("1"ms) [Parameters=[""], CommandType='Text', CommandTimeout='30']"
""CREATE INDEX [IX_AspNetRoleClaims_RoleId] ON [AspNetRoleClaims] ([RoleId]);" (0723d8ff)
2017-10-28T16:44:35.7023785-05:00  [INF] Executed DbCommand ("1"ms) [Parameters=[""], CommandType='Text', CommandTimeout='30']"
""CREATE UNIQUE INDEX [RoleNameIndex] ON [AspNetRoles] ([NormalizedName]) WHERE [NormalizedName] IS NOT NULL;" (0723d8ff)
2017-10-28T16:44:35.7067438-05:00  [INF] Executed DbCommand ("2"ms) [Parameters=[""], CommandType='Text', CommandTimeout='30']"
""CREATE INDEX [IX_AspNetUserClaims_UserId] ON [AspNetUserClaims] ([UserId]);" (0723d8ff)
2017-10-28T16:44:35.7104855-05:00  [INF] Executed DbCommand ("1"ms) [Parameters=[""], CommandType='Text', CommandTimeout='30']"
""CREATE INDEX [IX_AspNetUserLogins_UserId] ON [AspNetUserLogins] ([UserId]);" (0723d8ff)
2017-10-28T16:44:35.7136150-05:00  [INF] Executed DbCommand ("0"ms) [Parameters=[""], CommandType='Text', CommandTimeout='30']"
""CREATE INDEX [IX_AspNetUserRoles_RoleId] ON [AspNetUserRoles] ([RoleId]);" (0723d8ff)
2017-10-28T16:44:35.7158592-05:00  [INF] Executed DbCommand ("0"ms) [Parameters=[""], CommandType='Text', CommandTimeout='30']"
""CREATE INDEX [EmailIndex] ON [AspNetUsers] ([NormalizedEmail]);" (0723d8ff)
2017-10-28T16:44:35.7184624-05:00  [INF] Executed DbCommand ("0"ms) [Parameters=[""], CommandType='Text', CommandTimeout='30']"
""CREATE UNIQUE INDEX [UserNameIndex] ON [AspNetUsers] ([NormalizedUserName]) WHERE [NormalizedUserName] IS NOT NULL;" (0723d8ff)
2017-10-28T16:44:35.7215584-05:00  [INF] Executed DbCommand ("1"ms) [Parameters=[""], CommandType='Text', CommandTimeout='30']"
""CREATE UNIQUE INDEX [IX_OpenIddictApplications_ClientId] ON [OpenIddictApplications] ([ClientId]) WHERE [ClientId] IS NOT NULL;" (0723d8ff)
2017-10-28T16:44:35.7251531-05:00  [INF] Executed DbCommand ("0"ms) [Parameters=[""], CommandType='Text', CommandTimeout='30']"
""CREATE INDEX [IX_OpenIddictAuthorizations_ApplicationId] ON [OpenIddictAuthorizations] ([ApplicationId]);" (0723d8ff)
2017-10-28T16:44:35.7287491-05:00  [INF] Executed DbCommand ("1"ms) [Parameters=[""], CommandType='Text', CommandTimeout='30']"
""CREATE INDEX [IX_OpenIddictTokens_ApplicationId] ON [OpenIddictTokens] ([ApplicationId]);" (0723d8ff)
2017-10-28T16:44:35.7318028-05:00  [INF] Executed DbCommand ("0"ms) [Parameters=[""], CommandType='Text', CommandTimeout='30']"
""CREATE INDEX [IX_OpenIddictTokens_AuthorizationId] ON [OpenIddictTokens] ([AuthorizationId]);" (0723d8ff)
2017-10-28T16:44:35.7348451-05:00  [INF] Executed DbCommand ("1"ms) [Parameters=[""], CommandType='Text', CommandTimeout='30']"
""CREATE UNIQUE INDEX [IX_OpenIddictTokens_Hash] ON [OpenIddictTokens] ([Hash]) WHERE [Hash] IS NOT NULL;" (0723d8ff)
2017-10-28T16:44:35.7450545-05:00  [INF] Executed DbCommand ("6"ms) [Parameters=[""], CommandType='Text', CommandTimeout='30']"
""INSERT INTO [__EFMigrationsHistory] ([MigrationId], [ProductVersion])
VALUES (N'20170913022214_Initial', N'2.0.0-rtm-26452');" (0723d8ff)
2017-10-28T16:44:35.8360038-05:00  [INF] Executed DbCommand ("1"ms) [Parameters=[""], CommandType='Text', CommandTimeout='30']"
""SELECT CASE
    WHEN EXISTS (
        SELECT 1
        FROM [AspNetUsers] AS [a])
    THEN CAST(1 AS BIT) ELSE CAST(0 AS BIT)
END" (0723d8ff)
2017-10-28T16:44:35.8505429-05:00  [INF] Generating inbuilt accounts (d5983574)
2017-10-28T16:44:35.8965739-05:00  [INF] Executed DbCommand ("18"ms) [Parameters=["@__normalizedName_0='?' (Size = 256)"], CommandType='Text', CommandTimeout='30']"
""SELECT TOP(1) [r].[Id], [r].[ConcurrencyStamp], [r].[CreatedBy], [r].[CreatedDate], [r].[Description], [r].[Name], [r].[NormalizedName], [r].[UpdatedBy], [r].[UpdatedDate]
FROM [AspNetRoles] AS [r]
WHERE [r].[NormalizedName] = @__normalizedName_0" (0723d8ff)
2017-10-28T16:44:35.9080354-05:00  [INF] Executed DbCommand ("0"ms) [Parameters=["@__normalizedName_0='?' (Size = 256)"], CommandType='Text', CommandTimeout='30']"
""SELECT TOP(1) [r].[Id], [r].[ConcurrencyStamp], [r].[CreatedBy], [r].[CreatedDate], [r].[Description], [r].[Name], [r].[NormalizedName], [r].[UpdatedBy], [r].[UpdatedDate]
FROM [AspNetRoles] AS [r]
WHERE [r].[NormalizedName] = @__normalizedName_0" (0723d8ff)
2017-10-28T16:44:35.9562621-05:00  [INF] Executed DbCommand ("3"ms) [Parameters=["@p0='?' (Size = 450), @p1='?' (Size = 4000), @p2='?' (Size = 4000), @p3='?', @p4='?' (Size = 4000), @p5='?' (Size = 256), @p6='?' (Size = 256), @p7='?' (Size = 4000), @p8='?'"], CommandType='Text', CommandTimeout='30']"
""SET NOCOUNT ON;
INSERT INTO [AspNetRoles] ([Id], [ConcurrencyStamp], [CreatedBy], [CreatedDate], [Description], [Name], [NormalizedName], [UpdatedBy], [UpdatedDate])
VALUES (@p0, @p1, @p2, @p3, @p4, @p5, @p6, @p7, @p8);" (0723d8ff)
2017-10-28T16:44:35.9680141-05:00  [INF] Executed DbCommand ("3"ms) [Parameters=["@__normalizedName_0='?' (Size = 256)"], CommandType='Text', CommandTimeout='30']"
""SELECT TOP(1) [r].[Id], [r].[ConcurrencyStamp], [r].[CreatedBy], [r].[CreatedDate], [r].[Description], [r].[Name], [r].[NormalizedName], [r].[UpdatedBy], [r].[UpdatedDate]
FROM [AspNetRoles] AS [r]
WHERE [r].[NormalizedName] = @__normalizedName_0" (0723d8ff)
2017-10-28T16:44:35.9991562-05:00  [INF] Executed DbCommand ("0"ms) [Parameters=["@__normalizedName_0='?' (Size = 256)"], CommandType='Text', CommandTimeout='30']"
""SELECT TOP(1) [r].[Id], [r].[ConcurrencyStamp], [r].[CreatedBy], [r].[CreatedDate], [r].[Description], [r].[Name], [r].[NormalizedName], [r].[UpdatedBy], [r].[UpdatedDate]
FROM [AspNetRoles] AS [r]
WHERE [r].[NormalizedName] = @__normalizedName_0" (0723d8ff)
2017-10-28T16:44:36.0133407-05:00  [INF] Executed DbCommand ("4"ms) [Parameters=["@p0='?' (Size = 4000), @p1='?' (Size = 4000), @p2='?' (Size = 450), @p9='?' (Size = 450), @p3='?' (Size = 4000), @p10='?' (Size = 4000), @p4='?' (Size = 4000), @p5='?' (Size = 256), @p6='?' (Size = 256), @p7='?' (Size = 4000), @p8='?'"], CommandType='Text', CommandTimeout='30']"
""SET NOCOUNT ON;
INSERT INTO [AspNetRoleClaims] ([ClaimType], [ClaimValue], [RoleId])
VALUES (@p0, @p1, @p2);
SELECT [Id]
FROM [AspNetRoleClaims]
WHERE @@ROWCOUNT = 1 AND [Id] = scope_identity();

UPDATE [AspNetRoles] SET [ConcurrencyStamp] = @p3, [Description] = @p4, [Name] = @p5, [NormalizedName] = @p6, [UpdatedBy] = @p7, [UpdatedDate] = @p8
WHERE [Id] = @p9 AND [ConcurrencyStamp] = @p10;
SELECT @@ROWCOUNT;" (0723d8ff)
2017-10-28T16:44:36.0248178-05:00  [INF] Executed DbCommand ("2"ms) [Parameters=["@__normalizedName_0='?' (Size = 256)"], CommandType='Text', CommandTimeout='30']"
""SELECT TOP(1) [r].[Id], [r].[ConcurrencyStamp], [r].[CreatedBy], [r].[CreatedDate], [r].[Description], [r].[Name], [r].[NormalizedName], [r].[UpdatedBy], [r].[UpdatedDate]
FROM [AspNetRoles] AS [r]
WHERE [r].[NormalizedName] = @__normalizedName_0" (0723d8ff)
2017-10-28T16:44:36.0281585-05:00  [INF] Executed DbCommand ("0"ms) [Parameters=["@p0='?' (Size = 4000), @p1='?' (Size = 4000), @p2='?' (Size = 450), @p9='?' (Size = 450), @p3='?' (Size = 4000), @p10='?' (Size = 4000), @p4='?' (Size = 4000), @p5='?' (Size = 256), @p6='?' (Size = 256), @p7='?' (Size = 4000), @p8='?'"], CommandType='Text', CommandTimeout='30']"
""SET NOCOUNT ON;
INSERT INTO [AspNetRoleClaims] ([ClaimType], [ClaimValue], [RoleId])
VALUES (@p0, @p1, @p2);
SELECT [Id]
FROM [AspNetRoleClaims]
WHERE @@ROWCOUNT = 1 AND [Id] = scope_identity();

UPDATE [AspNetRoles] SET [ConcurrencyStamp] = @p3, [Description] = @p4, [Name] = @p5, [NormalizedName] = @p6, [UpdatedBy] = @p7, [UpdatedDate] = @p8
WHERE [Id] = @p9 AND [ConcurrencyStamp] = @p10;
SELECT @@ROWCOUNT;" (0723d8ff)
2017-10-28T16:44:36.0316258-05:00  [INF] Executed DbCommand ("0"ms) [Parameters=["@__normalizedName_0='?' (Size = 256)"], CommandType='Text', CommandTimeout='30']"
""SELECT TOP(1) [r].[Id], [r].[ConcurrencyStamp], [r].[CreatedBy], [r].[CreatedDate], [r].[Description], [r].[Name], [r].[NormalizedName], [r].[UpdatedBy], [r].[UpdatedDate]
FROM [AspNetRoles] AS [r]
WHERE [r].[NormalizedName] = @__normalizedName_0" (0723d8ff)
2017-10-28T16:44:36.0341019-05:00  [INF] Executed DbCommand ("0"ms) [Parameters=["@p0='?' (Size = 4000), @p1='?' (Size = 4000), @p2='?' (Size = 450), @p9='?' (Size = 450), @p3='?' (Size = 4000), @p10='?' (Size = 4000), @p4='?' (Size = 4000), @p5='?' (Size = 256), @p6='?' (Size = 256), @p7='?' (Size = 4000), @p8='?'"], CommandType='Text', CommandTimeout='30']"
""SET NOCOUNT ON;
INSERT INTO [AspNetRoleClaims] ([ClaimType], [ClaimValue], [RoleId])
VALUES (@p0, @p1, @p2);
SELECT [Id]
FROM [AspNetRoleClaims]
WHERE @@ROWCOUNT = 1 AND [Id] = scope_identity();

UPDATE [AspNetRoles] SET [ConcurrencyStamp] = @p3, [Description] = @p4, [Name] = @p5, [NormalizedName] = @p6, [UpdatedBy] = @p7, [UpdatedDate] = @p8
WHERE [Id] = @p9 AND [ConcurrencyStamp] = @p10;
SELECT @@ROWCOUNT;" (0723d8ff)
2017-10-28T16:44:36.0442972-05:00  [INF] Executed DbCommand ("1"ms) [Parameters=["@__normalizedName_0='?' (Size = 256)"], CommandType='Text', CommandTimeout='30']"
""SELECT TOP(1) [r].[Id], [r].[ConcurrencyStamp], [r].[CreatedBy], [r].[CreatedDate], [r].[Description], [r].[Name], [r].[NormalizedName], [r].[UpdatedBy], [r].[UpdatedDate]
FROM [AspNetRoles] AS [r]
WHERE [r].[NormalizedName] = @__normalizedName_0" (0723d8ff)
2017-10-28T16:44:36.0517865-05:00  [INF] Executed DbCommand ("2"ms) [Parameters=["@p0='?' (Size = 4000), @p1='?' (Size = 4000), @p2='?' (Size = 450), @p9='?' (Size = 450), @p3='?' (Size = 4000), @p10='?' (Size = 4000), @p4='?' (Size = 4000), @p5='?' (Size = 256), @p6='?' (Size = 256), @p7='?' (Size = 4000), @p8='?'"], CommandType='Text', CommandTimeout='30']"
""SET NOCOUNT ON;
INSERT INTO [AspNetRoleClaims] ([ClaimType], [ClaimValue], [RoleId])
VALUES (@p0, @p1, @p2);
SELECT [Id]
FROM [AspNetRoleClaims]
WHERE @@ROWCOUNT = 1 AND [Id] = scope_identity();

UPDATE [AspNetRoles] SET [ConcurrencyStamp] = @p3, [Description] = @p4, [Name] = @p5, [NormalizedName] = @p6, [UpdatedBy] = @p7, [UpdatedDate] = @p8
WHERE [Id] = @p9 AND [ConcurrencyStamp] = @p10;
SELECT @@ROWCOUNT;" (0723d8ff)
2017-10-28T16:44:36.0546617-05:00  [INF] Executed DbCommand ("0"ms) [Parameters=["@__normalizedName_0='?' (Size = 256)"], CommandType='Text', CommandTimeout='30']"
""SELECT TOP(1) [r].[Id], [r].[ConcurrencyStamp], [r].[CreatedBy], [r].[CreatedDate], [r].[Description], [r].[Name], [r].[NormalizedName], [r].[UpdatedBy], [r].[UpdatedDate]
FROM [AspNetRoles] AS [r]
WHERE [r].[NormalizedName] = @__normalizedName_0" (0723d8ff)
2017-10-28T16:44:36.0607950-05:00  [INF] Executed DbCommand ("3"ms) [Parameters=["@p0='?' (Size = 4000), @p1='?' (Size = 4000), @p2='?' (Size = 450), @p9='?' (Size = 450), @p3='?' (Size = 4000), @p10='?' (Size = 4000), @p4='?' (Size = 4000), @p5='?' (Size = 256), @p6='?' (Size = 256), @p7='?' (Size = 4000), @p8='?'"], CommandType='Text', CommandTimeout='30']"
""SET NOCOUNT ON;
INSERT INTO [AspNetRoleClaims] ([ClaimType], [ClaimValue], [RoleId])
VALUES (@p0, @p1, @p2);
SELECT [Id]
FROM [AspNetRoleClaims]
WHERE @@ROWCOUNT = 1 AND [Id] = scope_identity();

UPDATE [AspNetRoles] SET [ConcurrencyStamp] = @p3, [Description] = @p4, [Name] = @p5, [NormalizedName] = @p6, [UpdatedBy] = @p7, [UpdatedDate] = @p8
WHERE [Id] = @p9 AND [ConcurrencyStamp] = @p10;
SELECT @@ROWCOUNT;" (0723d8ff)
2017-10-28T16:44:36.0641787-05:00  [INF] Executed DbCommand ("0"ms) [Parameters=["@__normalizedName_0='?' (Size = 256)"], CommandType='Text', CommandTimeout='30']"
""SELECT TOP(1) [r].[Id], [r].[ConcurrencyStamp], [r].[CreatedBy], [r].[CreatedDate], [r].[Description], [r].[Name], [r].[NormalizedName], [r].[UpdatedBy], [r].[UpdatedDate]
FROM [AspNetRoles] AS [r]
WHERE [r].[NormalizedName] = @__normalizedName_0" (0723d8ff)
2017-10-28T16:44:36.0670841-05:00  [INF] Executed DbCommand ("0"ms) [Parameters=["@__normalizedName_0='?' (Size = 256)"], CommandType='Text', CommandTimeout='30']"
""SELECT TOP(1) [r].[Id], [r].[ConcurrencyStamp], [r].[CreatedBy], [r].[CreatedDate], [r].[Description], [r].[Name], [r].[NormalizedName], [r].[UpdatedBy], [r].[UpdatedDate]
FROM [AspNetRoles] AS [r]
WHERE [r].[NormalizedName] = @__normalizedName_0" (0723d8ff)
2017-10-28T16:44:36.0715738-05:00  [INF] Executed DbCommand ("0"ms) [Parameters=["@p0='?' (Size = 450), @p1='?' (Size = 4000), @p2='?' (Size = 4000), @p3='?', @p4='?' (Size = 4000), @p5='?' (Size = 256), @p6='?' (Size = 256), @p7='?' (Size = 4000), @p8='?'"], CommandType='Text', CommandTimeout='30']"
""SET NOCOUNT ON;
INSERT INTO [AspNetRoles] ([Id], [ConcurrencyStamp], [CreatedBy], [CreatedDate], [Description], [Name], [NormalizedName], [UpdatedBy], [UpdatedDate])
VALUES (@p0, @p1, @p2, @p3, @p4, @p5, @p6, @p7, @p8);" (0723d8ff)
2017-10-28T16:44:36.0743315-05:00  [INF] Executed DbCommand ("0"ms) [Parameters=["@__normalizedName_0='?' (Size = 256)"], CommandType='Text', CommandTimeout='30']"
""SELECT TOP(1) [r].[Id], [r].[ConcurrencyStamp], [r].[CreatedBy], [r].[CreatedDate], [r].[Description], [r].[Name], [r].[NormalizedName], [r].[UpdatedBy], [r].[UpdatedDate]
FROM [AspNetRoles] AS [r]
WHERE [r].[NormalizedName] = @__normalizedName_0" (0723d8ff)
2017-10-28T16:44:36.1409212-05:00  [INF] Executed DbCommand ("2"ms) [Parameters=["@__normalizedUserName_0='?' (Size = 256)"], CommandType='Text', CommandTimeout='30']"
""SELECT TOP(1) [u].[Id], [u].[AccessFailedCount], [u].[ConcurrencyStamp], [u].[Configuration], [u].[CreatedBy], [u].[CreatedDate], [u].[Email], [u].[EmailConfirmed], [u].[FullName], [u].[IsEnabled], [u].[JobTitle], [u].[LockoutEnabled], [u].[LockoutEnd], [u].[NormalizedEmail], [u].[NormalizedUserName], [u].[PasswordHash], [u].[PhoneNumber], [u].[PhoneNumberConfirmed], [u].[SecurityStamp], [u].[TwoFactorEnabled], [u].[UpdatedBy], [u].[UpdatedDate], [u].[UserName]
FROM [AspNetUsers] AS [u]
WHERE [u].[NormalizedUserName] = @__normalizedUserName_0" (0723d8ff)
2017-10-28T16:44:36.1592841-05:00  [INF] Executed DbCommand ("5"ms) [Parameters=["@__normalizedEmail_0='?' (Size = 256)"], CommandType='Text', CommandTimeout='30']"
""SELECT TOP(1) [u].[Id], [u].[AccessFailedCount], [u].[ConcurrencyStamp], [u].[Configuration], [u].[CreatedBy], [u].[CreatedDate], [u].[Email], [u].[EmailConfirmed], [u].[FullName], [u].[IsEnabled], [u].[JobTitle], [u].[LockoutEnabled], [u].[LockoutEnd], [u].[NormalizedEmail], [u].[NormalizedUserName], [u].[PasswordHash], [u].[PhoneNumber], [u].[PhoneNumberConfirmed], [u].[SecurityStamp], [u].[TwoFactorEnabled], [u].[UpdatedBy], [u].[UpdatedDate], [u].[UserName]
FROM [AspNetUsers] AS [u]
WHERE [u].[NormalizedEmail] = @__normalizedEmail_0" (0723d8ff)
2017-10-28T16:44:36.2026076-05:00  [INF] Executed DbCommand ("2"ms) [Parameters=["@p0='?' (Size = 450), @p1='?', @p2='?' (Size = 4000), @p3='?' (Size = 4000), @p4='?' (Size = 4000), @p5='?', @p6='?' (Size = 256), @p7='?', @p8='?' (Size = 4000), @p9='?', @p10='?' (Size = 4000), @p11='?', @p12='?', @p13='?' (Size = 256), @p14='?' (Size = 256), @p15='?' (Size = 4000), @p16='?' (Size = 4000), @p17='?', @p18='?' (Size = 4000), @p19='?', @p20='?' (Size = 4000), @p21='?', @p22='?' (Size = 256)"], CommandType='Text', CommandTimeout='30']"
""SET NOCOUNT ON;
INSERT INTO [AspNetUsers] ([Id], [AccessFailedCount], [ConcurrencyStamp], [Configuration], [CreatedBy], [CreatedDate], [Email], [EmailConfirmed], [FullName], [IsEnabled], [JobTitle], [LockoutEnabled], [LockoutEnd], [NormalizedEmail], [NormalizedUserName], [PasswordHash], [PhoneNumber], [PhoneNumberConfirmed], [SecurityStamp], [TwoFactorEnabled], [UpdatedBy], [UpdatedDate], [UserName])
VALUES (@p0, @p1, @p2, @p3, @p4, @p5, @p6, @p7, @p8, @p9, @p10, @p11, @p12, @p13, @p14, @p15, @p16, @p17, @p18, @p19, @p20, @p21, @p22);" (0723d8ff)
2017-10-28T16:44:36.2117564-05:00  [INF] Executed DbCommand ("3"ms) [Parameters=["@__normalizedUserName_0='?' (Size = 256)"], CommandType='Text', CommandTimeout='30']"
""SELECT TOP(1) [u].[Id], [u].[AccessFailedCount], [u].[ConcurrencyStamp], [u].[Configuration], [u].[CreatedBy], [u].[CreatedDate], [u].[Email], [u].[EmailConfirmed], [u].[FullName], [u].[IsEnabled], [u].[JobTitle], [u].[LockoutEnabled], [u].[LockoutEnd], [u].[NormalizedEmail], [u].[NormalizedUserName], [u].[PasswordHash], [u].[PhoneNumber], [u].[PhoneNumberConfirmed], [u].[SecurityStamp], [u].[TwoFactorEnabled], [u].[UpdatedBy], [u].[UpdatedDate], [u].[UserName]
FROM [AspNetUsers] AS [u]
WHERE [u].[NormalizedUserName] = @__normalizedUserName_0" (0723d8ff)
2017-10-28T16:44:36.2326892-05:00  [INF] Executed DbCommand ("7"ms) [Parameters=["@__normalizedRoleName_0='?' (Size = 256)"], CommandType='Text', CommandTimeout='30']"
""SELECT TOP(2) [r].[Id], [r].[ConcurrencyStamp], [r].[CreatedBy], [r].[CreatedDate], [r].[Description], [r].[Name], [r].[NormalizedName], [r].[UpdatedBy], [r].[UpdatedDate]
FROM [AspNetRoles] AS [r]
WHERE [r].[NormalizedName] = @__normalizedRoleName_0" (0723d8ff)
2017-10-28T16:44:36.2547318-05:00  [INF] Executed DbCommand ("1"ms) [Parameters=["@__get_Item_0='?' (Size = 450), @__get_Item_1='?' (Size = 450)"], CommandType='Text', CommandTimeout='30']"
""SELECT TOP(1) [e].[UserId], [e].[RoleId]
FROM [AspNetUserRoles] AS [e]
WHERE ([e].[UserId] = @__get_Item_0) AND ([e].[RoleId] = @__get_Item_1)" (0723d8ff)
2017-10-28T16:44:36.2593068-05:00  [INF] Executed DbCommand ("0"ms) [Parameters=["@__normalizedRoleName_0='?' (Size = 256)"], CommandType='Text', CommandTimeout='30']"
""SELECT TOP(2) [r].[Id], [r].[ConcurrencyStamp], [r].[CreatedBy], [r].[CreatedDate], [r].[Description], [r].[Name], [r].[NormalizedName], [r].[UpdatedBy], [r].[UpdatedDate]
FROM [AspNetRoles] AS [r]
WHERE [r].[NormalizedName] = @__normalizedRoleName_0" (0723d8ff)
2017-10-28T16:44:36.2695530-05:00  [INF] Executed DbCommand ("0"ms) [Parameters=["@__normalizedUserName_0='?' (Size = 256)"], CommandType='Text', CommandTimeout='30']"
""SELECT TOP(1) [u].[Id], [u].[AccessFailedCount], [u].[ConcurrencyStamp], [u].[Configuration], [u].[CreatedBy], [u].[CreatedDate], [u].[Email], [u].[EmailConfirmed], [u].[FullName], [u].[IsEnabled], [u].[JobTitle], [u].[LockoutEnabled], [u].[LockoutEnd], [u].[NormalizedEmail], [u].[NormalizedUserName], [u].[PasswordHash], [u].[PhoneNumber], [u].[PhoneNumberConfirmed], [u].[SecurityStamp], [u].[TwoFactorEnabled], [u].[UpdatedBy], [u].[UpdatedDate], [u].[UserName]
FROM [AspNetUsers] AS [u]
WHERE [u].[NormalizedUserName] = @__normalizedUserName_0" (0723d8ff)
2017-10-28T16:44:36.2773860-05:00  [INF] Executed DbCommand ("4"ms) [Parameters=["@__normalizedEmail_0='?' (Size = 256)"], CommandType='Text', CommandTimeout='30']"
""SELECT TOP(1) [u].[Id], [u].[AccessFailedCount], [u].[ConcurrencyStamp], [u].[Configuration], [u].[CreatedBy], [u].[CreatedDate], [u].[Email], [u].[EmailConfirmed], [u].[FullName], [u].[IsEnabled], [u].[JobTitle], [u].[LockoutEnabled], [u].[LockoutEnd], [u].[NormalizedEmail], [u].[NormalizedUserName], [u].[PasswordHash], [u].[PhoneNumber], [u].[PhoneNumberConfirmed], [u].[SecurityStamp], [u].[TwoFactorEnabled], [u].[UpdatedBy], [u].[UpdatedDate], [u].[UserName]
FROM [AspNetUsers] AS [u]
WHERE [u].[NormalizedEmail] = @__normalizedEmail_0" (0723d8ff)
2017-10-28T16:44:36.2868411-05:00  [INF] Executed DbCommand ("4"ms) [Parameters=["@p0='?' (Size = 450), @p1='?' (Size = 450), @p22='?' (Size = 450), @p2='?', @p3='?' (Size = 4000), @p23='?' (Size = 4000), @p4='?' (Size = 4000), @p5='?' (Size = 256), @p6='?', @p7='?' (Size = 4000), @p8='?', @p9='?' (Size = 4000), @p10='?', @p11='?', @p12='?' (Size = 256), @p13='?' (Size = 256), @p14='?' (Size = 4000), @p15='?' (Size = 4000), @p16='?', @p17='?' (Size = 4000), @p18='?', @p19='?' (Size = 4000), @p20='?', @p21='?' (Size = 256)"], CommandType='Text', CommandTimeout='30']"
""SET NOCOUNT ON;
INSERT INTO [AspNetUserRoles] ([UserId], [RoleId])
VALUES (@p0, @p1);
UPDATE [AspNetUsers] SET [AccessFailedCount] = @p2, [ConcurrencyStamp] = @p3, [Configuration] = @p4, [Email] = @p5, [EmailConfirmed] = @p6, [FullName] = @p7, [IsEnabled] = @p8, [JobTitle] = @p9, [LockoutEnabled] = @p10, [LockoutEnd] = @p11, [NormalizedEmail] = @p12, [NormalizedUserName] = @p13, [PasswordHash] = @p14, [PhoneNumber] = @p15, [PhoneNumberConfirmed] = @p16, [SecurityStamp] = @p17, [TwoFactorEnabled] = @p18, [UpdatedBy] = @p19, [UpdatedDate] = @p20, [UserName] = @p21
WHERE [Id] = @p22 AND [ConcurrencyStamp] = @p23;
SELECT @@ROWCOUNT;" (0723d8ff)
2017-10-28T16:44:36.2955162-05:00  [INF] Executed DbCommand ("0"ms) [Parameters=["@__normalizedUserName_0='?' (Size = 256)"], CommandType='Text', CommandTimeout='30']"
""SELECT TOP(1) [u].[Id], [u].[AccessFailedCount], [u].[ConcurrencyStamp], [u].[Configuration], [u].[CreatedBy], [u].[CreatedDate], [u].[Email], [u].[EmailConfirmed], [u].[FullName], [u].[IsEnabled], [u].[JobTitle], [u].[LockoutEnabled], [u].[LockoutEnd], [u].[NormalizedEmail], [u].[NormalizedUserName], [u].[PasswordHash], [u].[PhoneNumber], [u].[PhoneNumberConfirmed], [u].[SecurityStamp], [u].[TwoFactorEnabled], [u].[UpdatedBy], [u].[UpdatedDate], [u].[UserName]
FROM [AspNetUsers] AS [u]
WHERE [u].[NormalizedUserName] = @__normalizedUserName_0" (0723d8ff)
2017-10-28T16:44:36.2980277-05:00  [INF] Executed DbCommand ("0"ms) [Parameters=["@__normalizedEmail_0='?' (Size = 256)"], CommandType='Text', CommandTimeout='30']"
""SELECT TOP(1) [u].[Id], [u].[AccessFailedCount], [u].[ConcurrencyStamp], [u].[Configuration], [u].[CreatedBy], [u].[CreatedDate], [u].[Email], [u].[EmailConfirmed], [u].[FullName], [u].[IsEnabled], [u].[JobTitle], [u].[LockoutEnabled], [u].[LockoutEnd], [u].[NormalizedEmail], [u].[NormalizedUserName], [u].[PasswordHash], [u].[PhoneNumber], [u].[PhoneNumberConfirmed], [u].[SecurityStamp], [u].[TwoFactorEnabled], [u].[UpdatedBy], [u].[UpdatedDate], [u].[UserName]
FROM [AspNetUsers] AS [u]
WHERE [u].[NormalizedEmail] = @__normalizedEmail_0" (0723d8ff)
2017-10-28T16:44:36.3012428-05:00  [INF] Executed DbCommand ("0"ms) [Parameters=["@p0='?' (Size = 450), @p1='?', @p2='?' (Size = 4000), @p3='?' (Size = 4000), @p4='?' (Size = 4000), @p5='?', @p6='?' (Size = 256), @p7='?', @p8='?' (Size = 4000), @p9='?', @p10='?' (Size = 4000), @p11='?', @p12='?', @p13='?' (Size = 256), @p14='?' (Size = 256), @p15='?' (Size = 4000), @p16='?' (Size = 4000), @p17='?', @p18='?' (Size = 4000), @p19='?', @p20='?' (Size = 4000), @p21='?', @p22='?' (Size = 256)"], CommandType='Text', CommandTimeout='30']"
""SET NOCOUNT ON;
INSERT INTO [AspNetUsers] ([Id], [AccessFailedCount], [ConcurrencyStamp], [Configuration], [CreatedBy], [CreatedDate], [Email], [EmailConfirmed], [FullName], [IsEnabled], [JobTitle], [LockoutEnabled], [LockoutEnd], [NormalizedEmail], [NormalizedUserName], [PasswordHash], [PhoneNumber], [PhoneNumberConfirmed], [SecurityStamp], [TwoFactorEnabled], [UpdatedBy], [UpdatedDate], [UserName])
VALUES (@p0, @p1, @p2, @p3, @p4, @p5, @p6, @p7, @p8, @p9, @p10, @p11, @p12, @p13, @p14, @p15, @p16, @p17, @p18, @p19, @p20, @p21, @p22);" (0723d8ff)
2017-10-28T16:44:36.3042048-05:00  [INF] Executed DbCommand ("0"ms) [Parameters=["@__normalizedUserName_0='?' (Size = 256)"], CommandType='Text', CommandTimeout='30']"
""SELECT TOP(1) [u].[Id], [u].[AccessFailedCount], [u].[ConcurrencyStamp], [u].[Configuration], [u].[CreatedBy], [u].[CreatedDate], [u].[Email], [u].[EmailConfirmed], [u].[FullName], [u].[IsEnabled], [u].[JobTitle], [u].[LockoutEnabled], [u].[LockoutEnd], [u].[NormalizedEmail], [u].[NormalizedUserName], [u].[PasswordHash], [u].[PhoneNumber], [u].[PhoneNumberConfirmed], [u].[SecurityStamp], [u].[TwoFactorEnabled], [u].[UpdatedBy], [u].[UpdatedDate], [u].[UserName]
FROM [AspNetUsers] AS [u]
WHERE [u].[NormalizedUserName] = @__normalizedUserName_0" (0723d8ff)
2017-10-28T16:44:36.3066978-05:00  [INF] Executed DbCommand ("0"ms) [Parameters=["@__normalizedRoleName_0='?' (Size = 256)"], CommandType='Text', CommandTimeout='30']"
""SELECT TOP(2) [r].[Id], [r].[ConcurrencyStamp], [r].[CreatedBy], [r].[CreatedDate], [r].[Description], [r].[Name], [r].[NormalizedName], [r].[UpdatedBy], [r].[UpdatedDate]
FROM [AspNetRoles] AS [r]
WHERE [r].[NormalizedName] = @__normalizedRoleName_0" (0723d8ff)
2017-10-28T16:44:36.3096937-05:00  [INF] Executed DbCommand ("0"ms) [Parameters=["@__get_Item_0='?' (Size = 450), @__get_Item_1='?' (Size = 450)"], CommandType='Text', CommandTimeout='30']"
""SELECT TOP(1) [e].[UserId], [e].[RoleId]
FROM [AspNetUserRoles] AS [e]
WHERE ([e].[UserId] = @__get_Item_0) AND ([e].[RoleId] = @__get_Item_1)" (0723d8ff)
2017-10-28T16:44:36.3123362-05:00  [INF] Executed DbCommand ("0"ms) [Parameters=["@__normalizedRoleName_0='?' (Size = 256)"], CommandType='Text', CommandTimeout='30']"
""SELECT TOP(2) [r].[Id], [r].[ConcurrencyStamp], [r].[CreatedBy], [r].[CreatedDate], [r].[Description], [r].[Name], [r].[NormalizedName], [r].[UpdatedBy], [r].[UpdatedDate]
FROM [AspNetRoles] AS [r]
WHERE [r].[NormalizedName] = @__normalizedRoleName_0" (0723d8ff)
2017-10-28T16:44:36.3154457-05:00  [INF] Executed DbCommand ("0"ms) [Parameters=["@__normalizedUserName_0='?' (Size = 256)"], CommandType='Text', CommandTimeout='30']"
""SELECT TOP(1) [u].[Id], [u].[AccessFailedCount], [u].[ConcurrencyStamp], [u].[Configuration], [u].[CreatedBy], [u].[CreatedDate], [u].[Email], [u].[EmailConfirmed], [u].[FullName], [u].[IsEnabled], [u].[JobTitle], [u].[LockoutEnabled], [u].[LockoutEnd], [u].[NormalizedEmail], [u].[NormalizedUserName], [u].[PasswordHash], [u].[PhoneNumber], [u].[PhoneNumberConfirmed], [u].[SecurityStamp], [u].[TwoFactorEnabled], [u].[UpdatedBy], [u].[UpdatedDate], [u].[UserName]
FROM [AspNetUsers] AS [u]
WHERE [u].[NormalizedUserName] = @__normalizedUserName_0" (0723d8ff)
2017-10-28T16:44:36.3178578-05:00  [INF] Executed DbCommand ("0"ms) [Parameters=["@__normalizedEmail_0='?' (Size = 256)"], CommandType='Text', CommandTimeout='30']"
""SELECT TOP(1) [u].[Id], [u].[AccessFailedCount], [u].[ConcurrencyStamp], [u].[Configuration], [u].[CreatedBy], [u].[CreatedDate], [u].[Email], [u].[EmailConfirmed], [u].[FullName], [u].[IsEnabled], [u].[JobTitle], [u].[LockoutEnabled], [u].[LockoutEnd], [u].[NormalizedEmail], [u].[NormalizedUserName], [u].[PasswordHash], [u].[PhoneNumber], [u].[PhoneNumberConfirmed], [u].[SecurityStamp], [u].[TwoFactorEnabled], [u].[UpdatedBy], [u].[UpdatedDate], [u].[UserName]
FROM [AspNetUsers] AS [u]
WHERE [u].[NormalizedEmail] = @__normalizedEmail_0" (0723d8ff)
2017-10-28T16:44:36.3209608-05:00  [INF] Executed DbCommand ("0"ms) [Parameters=["@p0='?' (Size = 450), @p1='?' (Size = 450), @p22='?' (Size = 450), @p2='?', @p3='?' (Size = 4000), @p23='?' (Size = 4000), @p4='?' (Size = 4000), @p5='?' (Size = 256), @p6='?', @p7='?' (Size = 4000), @p8='?', @p9='?' (Size = 4000), @p10='?', @p11='?', @p12='?' (Size = 256), @p13='?' (Size = 256), @p14='?' (Size = 4000), @p15='?' (Size = 4000), @p16='?', @p17='?' (Size = 4000), @p18='?', @p19='?' (Size = 4000), @p20='?', @p21='?' (Size = 256)"], CommandType='Text', CommandTimeout='30']"
""SET NOCOUNT ON;
INSERT INTO [AspNetUserRoles] ([UserId], [RoleId])
VALUES (@p0, @p1);
UPDATE [AspNetUsers] SET [AccessFailedCount] = @p2, [ConcurrencyStamp] = @p3, [Configuration] = @p4, [Email] = @p5, [EmailConfirmed] = @p6, [FullName] = @p7, [IsEnabled] = @p8, [JobTitle] = @p9, [LockoutEnabled] = @p10, [LockoutEnd] = @p11, [NormalizedEmail] = @p12, [NormalizedUserName] = @p13, [PasswordHash] = @p14, [PhoneNumber] = @p15, [PhoneNumberConfirmed] = @p16, [SecurityStamp] = @p17, [TwoFactorEnabled] = @p18, [UpdatedBy] = @p19, [UpdatedDate] = @p20, [UserName] = @p21
WHERE [Id] = @p22 AND [ConcurrencyStamp] = @p23;
SELECT @@ROWCOUNT;" (0723d8ff)
2017-10-28T16:44:36.3440598-05:00  [INF] Inbuilt account generation completed (a663d88d)
2017-10-28T16:44:36.3491795-05:00  [INF] Executed DbCommand ("1"ms) [Parameters=[""], CommandType='Text', CommandTimeout='30']"
""SELECT CASE
    WHEN EXISTS (
        SELECT 1
        FROM [AppCustomers] AS [a])
    THEN CAST(1 AS BIT) ELSE CAST(0 AS BIT)
END" (0723d8ff)
2017-10-28T16:44:36.3553184-05:00  [INF] Executed DbCommand ("0"ms) [Parameters=[""], CommandType='Text', CommandTimeout='30']"
""SELECT CASE
    WHEN EXISTS (
        SELECT 1
        FROM [AppProductCategories] AS [a])
    THEN CAST(1 AS BIT) ELSE CAST(0 AS BIT)
END" (0723d8ff)
2017-10-28T16:44:36.3779307-05:00  [INF] Seeding initial data (13b66d8a)
2017-10-28T16:44:36.3819874-05:00  [WRN] Query: '"(from ApplicationUser <generated>_1 in DbSet<ApplicationUser> select [<generated>_1]).First()"' uses First/FirstOrDefault operation without OrderBy and filter which may lead to unpredictable results. (e99f2322)
2017-10-28T16:44:36.3925683-05:00  [INF] Executed DbCommand ("1"ms) [Parameters=[""], CommandType='Text', CommandTimeout='30']"
""SELECT TOP(1) [a].[Id], [a].[AccessFailedCount], [a].[ConcurrencyStamp], [a].[Configuration], [a].[CreatedBy], [a].[CreatedDate], [a].[Email], [a].[EmailConfirmed], [a].[FullName], [a].[IsEnabled], [a].[JobTitle], [a].[LockoutEnabled], [a].[LockoutEnd], [a].[NormalizedEmail], [a].[NormalizedUserName], [a].[PasswordHash], [a].[PhoneNumber], [a].[PhoneNumberConfirmed], [a].[SecurityStamp], [a].[TwoFactorEnabled], [a].[UpdatedBy], [a].[UpdatedDate], [a].[UserName]
FROM [AspNetUsers] AS [a]" (0723d8ff)
2017-10-28T16:44:36.3958626-05:00  [INF] Executed DbCommand ("0"ms) [Parameters=[""], CommandType='Text', CommandTimeout='30']"
""SELECT TOP(1) [a].[Id], [a].[AccessFailedCount], [a].[ConcurrencyStamp], [a].[Configuration], [a].[CreatedBy], [a].[CreatedDate], [a].[Email], [a].[EmailConfirmed], [a].[FullName], [a].[IsEnabled], [a].[JobTitle], [a].[LockoutEnabled], [a].[LockoutEnd], [a].[NormalizedEmail], [a].[NormalizedUserName], [a].[PasswordHash], [a].[PhoneNumber], [a].[PhoneNumberConfirmed], [a].[SecurityStamp], [a].[TwoFactorEnabled], [a].[UpdatedBy], [a].[UpdatedDate], [a].[UserName]
FROM [AspNetUsers] AS [a]" (0723d8ff)
2017-10-28T16:44:36.4971630-05:00  [INF] Executed DbCommand ("10"ms) [Parameters=["@p0='?' (Size = 4000), @p1='?' (Size = 50), @p2='?' (Size = 256), @p3='?', @p4='?', @p5='?', @p6='?' (Size = 100), @p7='?', @p8='?' (Size = 100), @p9='?' (Size = 30), @p10='?' (Size = 256), @p11='?', @p12='?' (Size = 4000), @p13='?' (Size = 50), @p14='?' (Size = 256), @p15='?', @p16='?', @p17='?', @p18='?' (Size = 100), @p19='?', @p20='?' (Size = 100), @p21='?' (Size = 30), @p22='?' (Size = 256), @p23='?', @p24='?' (Size = 4000), @p25='?' (Size = 50), @p26='?' (Size = 256), @p27='?', @p28='?', @p29='?', @p30='?' (Size = 100), @p31='?', @p32='?' (Size = 100), @p33='?' (Size = 30), @p34='?' (Size = 256), @p35='?', @p36='?' (Size = 4000), @p37='?' (Size = 50), @p38='?' (Size = 256), @p39='?', @p40='?', @p41='?', @p42='?' (Size = 100), @p43='?', @p44='?' (Size = 100), @p45='?' (Size = 30), @p46='?' (Size = 256), @p47='?', @p48='?' (Size = 256), @p49='?', @p50='?', @p51='?', @p52='?' (Size = 500), @p53='?' (Size = 4000), @p54='?' (Size = 100), @p55='?' (Size = 256), @p56='?'"], CommandType='Text', CommandTimeout='30']"
""SET NOCOUNT ON;
DECLARE @inserted0 TABLE ([Id] int, [_Position] [int]);
MERGE [AppCustomers] USING (
VALUES (@p0, @p1, @p2, @p3, @p4, @p5, @p6, @p7, @p8, @p9, @p10, @p11, 0),
(@p12, @p13, @p14, @p15, @p16, @p17, @p18, @p19, @p20, @p21, @p22, @p23, 1),
(@p24, @p25, @p26, @p27, @p28, @p29, @p30, @p31, @p32, @p33, @p34, @p35, 2),
(@p36, @p37, @p38, @p39, @p40, @p41, @p42, @p43, @p44, @p45, @p46, @p47, 3)) AS i ([Address], [City], [CreatedBy], [CreatedDate], [DateCreated], [DateModified], [Email], [Gender], [Name], [PhoneNumber], [UpdatedBy], [UpdatedDate], _Position) ON 1=0
WHEN NOT MATCHED THEN
INSERT ([Address], [City], [CreatedBy], [CreatedDate], [DateCreated], [DateModified], [Email], [Gender], [Name], [PhoneNumber], [UpdatedBy], [UpdatedDate])
VALUES (i.[Address], i.[City], i.[CreatedBy], i.[CreatedDate], i.[DateCreated], i.[DateModified], i.[Email], i.[Gender], i.[Name], i.[PhoneNumber], i.[UpdatedBy], i.[UpdatedDate])
OUTPUT INSERTED.[Id], i._Position
INTO @inserted0;

SELECT [t].[Id] FROM [AppCustomers] t
INNER JOIN @inserted0 i ON ([t].[Id] = [i].[Id])
ORDER BY [i].[_Position];

INSERT INTO [AppProductCategories] ([CreatedBy], [CreatedDate], [DateCreated], [DateModified], [Description], [Icon], [Name], [UpdatedBy], [UpdatedDate])
VALUES (@p48, @p49, @p50, @p51, @p52, @p53, @p54, @p55, @p56);
SELECT [Id]
FROM [AppProductCategories]
WHERE @@ROWCOUNT = 1 AND [Id] = scope_identity();" (0723d8ff)
2017-10-28T16:44:36.5212226-05:00  [INF] Executed DbCommand ("17"ms) [Parameters=["@p57='?' (Size = 450), @p58='?' (Size = 500), @p59='?' (Size = 256), @p60='?', @p61='?', @p62='?', @p63='?', @p64='?', @p65='?' (Size = 256), @p66='?', @p67='?' (Size = 450), @p68='?' (Size = 500), @p69='?' (Size = 256), @p70='?', @p71='?', @p72='?', @p73='?', @p74='?', @p75='?' (Size = 256), @p76='?', @p77='?', @p78='?' (Size = 256), @p79='?', @p80='?', @p81='?', @p82='?' (Size = 500), @p83='?' (Size = 256), @p84='?', @p85='?', @p86='?' (Size = 100), @p87='?', @p88='?', @p89='?', @p90='?', @p91='?' (Size = 256), @p92='?', @p93='?', @p94='?' (Size = 256), @p95='?', @p96='?', @p97='?', @p98='?' (Size = 500), @p99='?' (Size = 256), @p100='?', @p101='?', @p102='?' (Size = 100), @p103='?', @p104='?', @p105='?', @p106='?', @p107='?' (Size = 256), @p108='?'"], CommandType='Text', CommandTimeout='30']"
""SET NOCOUNT ON;
DECLARE @inserted0 TABLE ([Id] int, [_Position] [int]);
MERGE [AppOrders] USING (
VALUES (@p57, @p58, @p59, @p60, @p61, @p62, @p63, @p64, @p65, @p66, 0),
(@p67, @p68, @p69, @p70, @p71, @p72, @p73, @p74, @p75, @p76, 1)) AS i ([CashierId], [Comments], [CreatedBy], [CreatedDate], [CustomerId], [DateCreated], [DateModified], [Discount], [UpdatedBy], [UpdatedDate], _Position) ON 1=0
WHEN NOT MATCHED THEN
INSERT ([CashierId], [Comments], [CreatedBy], [CreatedDate], [CustomerId], [DateCreated], [DateModified], [Discount], [UpdatedBy], [UpdatedDate])
VALUES (i.[CashierId], i.[Comments], i.[CreatedBy], i.[CreatedDate], i.[CustomerId], i.[DateCreated], i.[DateModified], i.[Discount], i.[UpdatedBy], i.[UpdatedDate])
OUTPUT INSERTED.[Id], i._Position
INTO @inserted0;

SELECT [t].[Id] FROM [AppOrders] t
INNER JOIN @inserted0 i ON ([t].[Id] = [i].[Id])
ORDER BY [i].[_Position];

DECLARE @inserted2 TABLE ([Id] int, [_Position] [int]);
MERGE [AppProducts] USING (
VALUES (@p77, @p78, @p79, @p80, @p81, @p82, @p83, @p84, @p85, @p86, @p87, @p88, @p89, @p90, @p91, @p92, 0),
(@p93, @p94, @p95, @p96, @p97, @p98, @p99, @p100, @p101, @p102, @p103, @p104, @p105, @p106, @p107, @p108, 1)) AS i ([BuyingPrice], [CreatedBy], [CreatedDate], [DateCreated], [DateModified], [Description], [Icon], [IsActive], [IsDiscontinued], [Name], [ParentId], [ProductCategoryId], [SellingPrice], [UnitsInStock], [UpdatedBy], [UpdatedDate], _Position) ON 1=0
WHEN NOT MATCHED THEN
INSERT ([BuyingPrice], [CreatedBy], [CreatedDate], [DateCreated], [DateModified], [Description], [Icon], [IsActive], [IsDiscontinued], [Name], [ParentId], [ProductCategoryId], [SellingPrice], [UnitsInStock], [UpdatedBy], [UpdatedDate])
VALUES (i.[BuyingPrice], i.[CreatedBy], i.[CreatedDate], i.[DateCreated], i.[DateModified], i.[Description], i.[Icon], i.[IsActive], i.[IsDiscontinued], i.[Name], i.[ParentId], i.[ProductCategoryId], i.[SellingPrice], i.[UnitsInStock], i.[UpdatedBy], i.[UpdatedDate])
OUTPUT INSERTED.[Id], i._Position
INTO @inserted2;

SELECT [t].[Id] FROM [AppProducts] t
INNER JOIN @inserted2 i ON ([t].[Id] = [i].[Id])
ORDER BY [i].[_Position];" (0723d8ff)
2017-10-28T16:44:36.5341200-05:00  [INF] Executed DbCommand ("8"ms) [Parameters=["@p109='?' (Size = 256), @p110='?', @p111='?', @p112='?', @p113='?', @p114='?', @p115='?', @p116='?' (Size = 256), @p117='?', @p118='?' (Size = 256), @p119='?', @p120='?', @p121='?', @p122='?', @p123='?', @p124='?', @p125='?' (Size = 256), @p126='?', @p127='?' (Size = 256), @p128='?', @p129='?', @p130='?', @p131='?', @p132='?', @p133='?', @p134='?' (Size = 256), @p135='?'"], CommandType='Text', CommandTimeout='30']"
""SET NOCOUNT ON;
DECLARE @inserted0 TABLE ([Id] int, [_Position] [int]);
MERGE [AppOrderDetails] USING (
VALUES (@p109, @p110, @p111, @p112, @p113, @p114, @p115, @p116, @p117, 0),
(@p118, @p119, @p120, @p121, @p122, @p123, @p124, @p125, @p126, 1),
(@p127, @p128, @p129, @p130, @p131, @p132, @p133, @p134, @p135, 2)) AS i ([CreatedBy], [CreatedDate], [Discount], [OrderId], [ProductId], [Quantity], [UnitPrice], [UpdatedBy], [UpdatedDate], _Position) ON 1=0
WHEN NOT MATCHED THEN
INSERT ([CreatedBy], [CreatedDate], [Discount], [OrderId], [ProductId], [Quantity], [UnitPrice], [UpdatedBy], [UpdatedDate])
VALUES (i.[CreatedBy], i.[CreatedDate], i.[Discount], i.[OrderId], i.[ProductId], i.[Quantity], i.[UnitPrice], i.[UpdatedBy], i.[UpdatedDate])
OUTPUT INSERTED.[Id], i._Position
INTO @inserted0;

SELECT [t].[Id] FROM [AppOrderDetails] t
INNER JOIN @inserted0 i ON ([t].[Id] = [i].[Id])
ORDER BY [i].[_Position];" (0723d8ff)
2017-10-28T16:44:36.5573591-05:00  [INF] Seeding initial data completed (dcd778dd)
2017-10-28T16:44:37.0133985-05:00 0HL8U9KAS4AAF:00000001 [INF] Request starting HTTP/1.1 GET http://localhost:57737/   (ca22a1cb)
2017-10-28T16:44:37.3721360-05:00 0HL8U9KAS4AAF:00000001 [INF] Executing action method "Quick_Application2.Controllers.HomeController.Index (Quick_Application2)" with arguments (null) - ModelState is Valid (ba7f4ac2)
2017-10-28T16:44:39.4960179-05:00 0HL8U9KAS4AAH:00000001 [INF] Request starting HTTP/1.1 GET http://localhost:57737/   (ca22a1cb)
2017-10-28T16:44:39.5062622-05:00 0HL8U9KAS4AAH:00000001 [INF] Executing action method "Quick_Application2.Controllers.HomeController.Index (Quick_Application2)" with arguments (null) - ModelState is Valid (ba7f4ac2)
2017-10-28T16:44:39.5300828-05:00 0HL8U9KAS4AAF:00000001 [INF] Executing ViewResult, running view at path "/Views/Home/Index.cshtml". (9707eebe)
2017-10-28T16:44:39.5313061-05:00 0HL8U9KAS4AAH:00000001 [INF] Executing ViewResult, running view at path "/Views/Home/Index.cshtml". (9707eebe)
2017-10-28T16:44:39.9492668-05:00 0HL8U9KAS4AAH:00000001 [INF] Executed action "Quick_Application2.Controllers.HomeController.Index (Quick_Application2)" in 413.9449ms (afa2e885)
2017-10-28T16:44:39.9492579-05:00 0HL8U9KAS4AAF:00000001 [INF] Executed action "Quick_Application2.Controllers.HomeController.Index (Quick_Application2)" in 2555.2182ms (afa2e885)
2017-10-28T16:44:39.9514645-05:00 0HL8U9KAS4AAI:00000001 [INF] Request starting HTTP/1.1 GET http://localhost:57737/dist/vendor.css?v=LJsqxV_NbY9Jue4BV9O_SDiaBzkzvWqvBnuuj3UwSNA   (ca22a1cb)
2017-10-28T16:44:39.9727575-05:00 0HL8U9KAS4AAJ:00000001 [INF] Request starting HTTP/1.1 GET http://localhost:57737/dist/main-client.js?v=L0RqfFBZpWtLPfNMSInDbx8mH-KSlWYlmK_DxSxK4lo   (ca22a1cb)
2017-10-28T16:44:39.9943044-05:00 0HL8U9KAS4AAK:00000001 [INF] Request starting HTTP/1.1 GET http://localhost:57737/dist/vendor.js?v=lfUosEDWx0SPIsR7pMLTtKyS2gn0noolsFOWk-a1sFo   (ca22a1cb)
2017-10-28T16:44:40.0177198-05:00 0HL8U9KAS4AAF:00000001 [INF] Request finished in 3003.3037ms 200 text/html; charset=utf-8 (791a596a)
2017-10-28T16:44:40.0183552-05:00 0HL8U9KAS4AAH:00000001 [INF] Request finished in 501.1253ms 200 text/html; charset=utf-8 (791a596a)
2017-10-28T16:44:40.6645779-05:00  [INF] webpack built 67239837457ea4b32c18 in 8263ms (2d263c3e)
2017-10-28T16:44:40.8298942-05:00 0HL8U9KAS4AAI:00000001 [INF] Sending file. Request path: '"/dist/vendor.css"'. Physical path: '"C:\Users\Harrison\Documents\Visual Studio 2017\Projects\Quick Application2\Quick Application2\Quick_Application2\wwwroot\dist\vendor.css"' (27b0a520)
2017-10-28T16:44:40.8406274-05:00 0HL8U9KAS4AAK:00000001 [INF] Sending file. Request path: '"/dist/vendor.js"'. Physical path: '"C:\Users\Harrison\Documents\Visual Studio 2017\Projects\Quick Application2\Quick Application2\Quick_Application2\wwwroot\dist\vendor.js"' (27b0a520)
2017-10-28T16:44:40.8606140-05:00 0HL8U9KAS4AAJ:00000001 [INF] Request finished in 893.8452ms 200 application/javascript; charset=UTF-8 (791a596a)
2017-10-28T16:44:40.9546022-05:00 0HL8U9KAS4AAI:00000001 [INF] Request finished in 999.4583ms 200 text/css (791a596a)
2017-10-28T16:44:41.1085500-05:00 0HL8U9KAS4AAK:00000001 [INF] Request finished in 1151.4964ms 200 application/javascript (791a596a)
2017-10-28T16:44:42.4431199-05:00 0HL8U9KAS4AAH:00000002 [INF] Request starting HTTP/1.1 GET http://localhost:57737/dist/concatAll.js.map   (ca22a1cb)
2017-10-28T16:44:42.4964573-05:00 0HL8U9KAS4AAH:00000002 [INF] Request finished in 53.0265ms 404  (791a596a)
2017-10-28T16:44:42.5012704-05:00 0HL8U9KAS4AAJ:00000002 [INF] Request starting HTTP/1.1 GET http://localhost:57737/dist/main-client.js.map   (ca22a1cb)
2017-10-28T16:44:42.5190717-05:00 0HL8U9KAS4AAI:00000002 [INF] Request starting HTTP/1.1 GET http://localhost:57737/dist/__webpack_hmr   (ca22a1cb)
2017-10-28T16:44:42.5338967-05:00 0HL8U9KAS4AAJ:00000002 [INF] Request finished in 31.2499ms 200 application/json; charset=UTF-8 (791a596a)
2017-10-28T16:44:42.5463840-05:00 0HL8U9KAS4AAK:00000002 [INF] Request starting HTTP/1.1 GET http://localhost:57737/favicon.ico   (ca22a1cb)
2017-10-28T16:44:42.5705111-05:00 0HL8U9KAS4AAK:00000002 [INF] Sending file. Request path: '"/favicon.ico"'. Physical path: '"C:\Users\Harrison\Documents\Visual Studio 2017\Projects\Quick Application2\Quick Application2\Quick_Application2\wwwroot\favicon.ico"' (27b0a520)
2017-10-28T16:44:42.6182371-05:00 0HL8U9KAS4AAH:00000003 [INF] Request starting HTTP/1.1 HEAD http://localhost:57737/dist/webpack.config.js   (ca22a1cb)
2017-10-28T16:44:42.6401358-05:00 0HL8U9KAS4AAK:00000002 [INF] Request finished in 59.122ms 200 image/x-icon (791a596a)
2017-10-28T16:44:42.6701453-05:00 0HL8U9KAS4AAH:00000003 [INF] Request finished in 75.0941ms 404  (791a596a)
2017-10-28T16:44:42.6733829-05:00 0HL8U9KAS4AAJ:00000003 [INF] Request starting HTTP/1.1 HEAD http://localhost:57737/webpack.config.js   (ca22a1cb)
2017-10-28T16:44:42.7177999-05:00 0HL8U9KAS4AAJ:00000003 [INF] Request finished in 44.3158ms 404  (791a596a)
